#! /usr/bin/vvp
:ivl_version "11.0 (stable)";
:ivl_delay_selection "TYPICAL";
:vpi_time_precision + 0;
:vpi_module "/usr/lib/x86_64-linux-gnu/ivl/system.vpi";
:vpi_module "/usr/lib/x86_64-linux-gnu/ivl/vhdl_sys.vpi";
:vpi_module "/usr/lib/x86_64-linux-gnu/ivl/vhdl_textio.vpi";
:vpi_module "/usr/lib/x86_64-linux-gnu/ivl/v2005_math.vpi";
:vpi_module "/usr/lib/x86_64-linux-gnu/ivl/va_math.vpi";
S_0x561de2e4cc20 .scope module, "testLogic" "testLogic" 2 2;
 .timescale 0 0;
v0x561de2e5f060_0 .var "a", 0 0;
v0x561de2e5f130_0 .var "b", 0 0;
v0x561de2e5f200_0 .net "c", 0 0, L_0x561de2e5f440;  1 drivers
S_0x561de2e4cdb0 .scope module, "f1" "Logic_XNOR" 2 5, 3 1 0, S_0x561de2e4cc20;
 .timescale 0 0;
    .port_info 0 /INPUT 1 "a";
    .port_info 1 /INPUT 1 "b";
    .port_info 2 /OUTPUT 1 "c";
L_0x561de2e5f300 .functor XOR 1, v0x561de2e5f060_0, v0x561de2e5f130_0, C4<0>, C4<0>;
L_0x561de2e5f440 .functor NOT 1, L_0x561de2e5f300, C4<0>, C4<0>, C4<0>;
v0x561de2e13cf0_0 .net *"_ivl_0", 0 0, L_0x561de2e5f300;  1 drivers
v0x561de2e5edc0_0 .net "a", 0 0, v0x561de2e5f060_0;  1 drivers
v0x561de2e5ee80_0 .net "b", 0 0, v0x561de2e5f130_0;  1 drivers
v0x561de2e5ef20_0 .net "c", 0 0, L_0x561de2e5f440;  alias, 1 drivers
    .scope S_0x561de2e4cc20;
T_0 ;
    %vpi_call 2 9 "$monitor", "input=%b, input=%b, output=%b\012", v0x561de2e5f060_0, v0x561de2e5f130_0, v0x561de2e5f200_0 {0 0 0};
    %delay 2, 0;
    %pushi/vec4 0, 0, 1;
    %store/vec4 v0x561de2e5f060_0, 0, 1;
    %pushi/vec4 0, 0, 1;
    %store/vec4 v0x561de2e5f130_0, 0, 1;
    %delay 2, 0;
    %pushi/vec4 1, 0, 1;
    %store/vec4 v0x561de2e5f060_0, 0, 1;
    %pushi/vec4 0, 0, 1;
    %store/vec4 v0x561de2e5f130_0, 0, 1;
    %delay 2, 0;
    %pushi/vec4 0, 0, 1;
    %store/vec4 v0x561de2e5f060_0, 0, 1;
    %pushi/vec4 1, 0, 1;
    %store/vec4 v0x561de2e5f130_0, 0, 1;
    %delay 2, 0;
    %pushi/vec4 1, 0, 1;
    %store/vec4 v0x561de2e5f060_0, 0, 1;
    %pushi/vec4 1, 0, 1;
    %store/vec4 v0x561de2e5f130_0, 0, 1;
    %end;
    .thread T_0;
    .scope S_0x561de2e4cc20;
T_1 ;
    %vpi_call 2 18 "$dumpfile", "out1.vcd" {0 0 0};
    %vpi_call 2 19 "$dumpvars" {0 0 0};
    %delay 100, 0;
    %vpi_call 2 20 "$finish" {0 0 0};
    %end;
    .thread T_1;
# The file index is used to find the file name in the following table.
:file_names 4;
    "N/A";
    "<interactive>";
    "testLogic.v";
    "./logic_xnor.v";
    